[1217/211302.332:ERROR:gpu_init.cc(426)] Passthrough is not supported, GL is disabled
[1217/213855.014:WARNING:angle_platform_impl.cc(48)] HLSLCompiler.cpp:257 (compileToBinary): 
C:\fakepath(102,1-6): warning X4000: use of potentially uninitialized variable (dyn_index_vec4_float4)

[1217/213855.170:WARNING:angle_platform_impl.cc(48)] HLSLCompiler.cpp:257 (compileToBinary): 
C:\fakepath(135,1): warning X4000: use of potentially uninitialized variable (f_i)
C:\fakepath(137,1): warning X4000: use of potentially uninitialized variable (f_i)
C:\fakepath(173,1): warning X4000: use of potentially uninitialized variable (f_u)

[1217/213900.322:WARNING:angle_platform_impl.cc(48)] HLSLCompiler.cpp:257 (compileToBinary): 
C:\fakepath(165,1): warning X4000: use of potentially uninitialized variable (f_renderMipMapLevel)

[1217/213900.338:WARNING:angle_platform_impl.cc(48)] HLSLCompiler.cpp:257 (compileToBinary): 
C:\fakepath(165,1): warning X4000: use of potentially uninitialized variable (f_renderMipMapLevel)

[1217/213900.338:WARNING:angle_platform_impl.cc(48)] HLSLCompiler.cpp:257 (compileToBinary): 
C:\fakepath(165,1): warning X4000: use of potentially uninitialized variable (f_renderMipMapLevel)

[1217/213900.349:WARNING:angle_platform_impl.cc(48)] HLSLCompiler.cpp:257 (compileToBinary): 
C:\fakepath(165,1): warning X4000: use of potentially uninitialized variable (f_renderMipMapLevel)

[1217/213900.399:WARNING:angle_platform_impl.cc(48)] HLSLCompiler.cpp:257 (compileToBinary): 
C:\fakepath(94,23-33): warning X3595: gradient instruction used in a loop with varying iteration; partial derivatives may have undefined value
C:\fakepath(95,23-33): warning X3595: gradient instruction used in a loop with varying iteration; partial derivatives may have undefined value

[1217/213900.488:WARNING:angle_platform_impl.cc(48)] HLSLCompiler.cpp:257 (compileToBinary): 
C:\fakepath(381,10-38): warning X4008: floating point division by zero
C:\fakepath(381,10-38): warning X4008: floating point division by zero

[1217/213906.531:WARNING:angle_platform_impl.cc(48)] HLSLCompiler.cpp:257 (compileToBinary): 
C:\fakepath(102,1-6): warning X4000: use of potentially uninitialized variable (dyn_index_vec4_float4)

[1217/213906.645:WARNING:angle_platform_impl.cc(48)] HLSLCompiler.cpp:257 (compileToBinary): 
C:\fakepath(135,1): warning X4000: use of potentially uninitialized variable (f_i)
C:\fakepath(137,1): warning X4000: use of potentially uninitialized variable (f_i)
C:\fakepath(173,1): warning X4000: use of potentially uninitialized variable (f_u)

[1217/213906.972:WARNING:angle_platform_impl.cc(48)] HLSLCompiler.cpp:257 (compileToBinary): 
C:\fakepath(165,1): warning X4000: use of potentially uninitialized variable (f_renderMipMapLevel)

[1217/213906.977:WARNING:angle_platform_impl.cc(48)] HLSLCompiler.cpp:257 (compileToBinary): 
C:\fakepath(165,1): warning X4000: use of potentially uninitialized variable (f_renderMipMapLevel)

[1217/213907.010:WARNING:angle_platform_impl.cc(48)] HLSLCompiler.cpp:257 (compileToBinary): 
C:\fakepath(165,1): warning X4000: use of potentially uninitialized variable (f_renderMipMapLevel)

[1217/213907.028:WARNING:angle_platform_impl.cc(48)] HLSLCompiler.cpp:257 (compileToBinary): 
C:\fakepath(165,1): warning X4000: use of potentially uninitialized variable (f_renderMipMapLevel)

[1217/213907.052:WARNING:angle_platform_impl.cc(48)] HLSLCompiler.cpp:257 (compileToBinary): 
C:\fakepath(94,23-33): warning X3595: gradient instruction used in a loop with varying iteration; partial derivatives may have undefined value
C:\fakepath(95,23-33): warning X3595: gradient instruction used in a loop with varying iteration; partial derivatives may have undefined value

[1217/213907.137:WARNING:angle_platform_impl.cc(48)] HLSLCompiler.cpp:257 (compileToBinary): 
C:\fakepath(381,10-38): warning X4008: floating point division by zero
C:\fakepath(381,10-38): warning X4008: floating point division by zero

[1217/213907.508:ERROR:gl_utils.cc(314)] [.WebGL-000007F4551E9C00] GL_INVALID_OPERATION: Two textures of different types use the same sampler location.
[1217/213907.508:ERROR:gl_utils.cc(314)] [.WebGL-000007F4551E9C00] GL_INVALID_OPERATION: Two textures of different types use the same sampler location.
[1217/213907.508:ERROR:gl_utils.cc(314)] [.WebGL-000007F4551E9C00] GL_INVALID_OPERATION: Two textures of different types use the same sampler location.
[1217/213907.508:ERROR:gl_utils.cc(314)] [.WebGL-000007F4551E9C00] GL_INVALID_OPERATION: Two textures of different types use the same sampler location.
[1217/213907.528:ERROR:gl_utils.cc(314)] [.WebGL-000007F4551E9C00] GL_INVALID_OPERATION: Two textures of different types use the same sampler location.
[1217/213907.528:ERROR:gl_utils.cc(314)] [.WebGL-000007F4551E9C00] GL_INVALID_OPERATION: Two textures of different types use the same sampler location.
[1217/213907.528:ERROR:gl_utils.cc(314)] [.WebGL-000007F4551E9C00] GL_INVALID_OPERATION: Two textures of different types use the same sampler location.
[1217/213907.529:ERROR:gl_utils.cc(314)] [.WebGL-000007F4551E9C00] GL_INVALID_OPERATION: Two textures of different types use the same sampler location.
[1217/214003.351:WARNING:angle_platform_impl.cc(48)] HLSLCompiler.cpp:257 (compileToBinary): 
C:\fakepath(102,1-6): warning X4000: use of potentially uninitialized variable (dyn_index_vec4_float4)

[1217/214003.477:WARNING:angle_platform_impl.cc(48)] HLSLCompiler.cpp:257 (compileToBinary): 
C:\fakepath(135,1): warning X4000: use of potentially uninitialized variable (f_i)
C:\fakepath(137,1): warning X4000: use of potentially uninitialized variable (f_i)
C:\fakepath(173,1): warning X4000: use of potentially uninitialized variable (f_u)

[1217/214003.843:WARNING:angle_platform_impl.cc(48)] HLSLCompiler.cpp:257 (compileToBinary): 
C:\fakepath(165,1): warning X4000: use of potentially uninitialized variable (f_renderMipMapLevel)

[1217/214003.856:WARNING:angle_platform_impl.cc(48)] HLSLCompiler.cpp:257 (compileToBinary): 
C:\fakepath(165,1): warning X4000: use of potentially uninitialized variable (f_renderMipMapLevel)

[1217/214003.883:WARNING:angle_platform_impl.cc(48)] HLSLCompiler.cpp:257 (compileToBinary): 
C:\fakepath(165,1): warning X4000: use of potentially uninitialized variable (f_renderMipMapLevel)

[1217/214003.918:WARNING:angle_platform_impl.cc(48)] HLSLCompiler.cpp:257 (compileToBinary): 
C:\fakepath(94,23-33): warning X3595: gradient instruction used in a loop with varying iteration; partial derivatives may have undefined value
C:\fakepath(95,23-33): warning X3595: gradient instruction used in a loop with varying iteration; partial derivatives may have undefined value

[1217/214003.997:WARNING:angle_platform_impl.cc(48)] HLSLCompiler.cpp:257 (compileToBinary): 
C:\fakepath(381,10-38): warning X4008: floating point division by zero
C:\fakepath(381,10-38): warning X4008: floating point division by zero

[1217/214004.309:ERROR:gl_utils.cc(314)] [.WebGL-000007F4551E9C00] GL_INVALID_OPERATION: Two textures of different types use the same sampler location.
[1217/214004.309:ERROR:gl_utils.cc(314)] [.WebGL-000007F4551E9C00] GL_INVALID_OPERATION: Two textures of different types use the same sampler location.
[1217/214004.309:ERROR:gl_utils.cc(314)] [.WebGL-000007F4551E9C00] GL_INVALID_OPERATION: Two textures of different types use the same sampler location.
[1217/214004.309:ERROR:gl_utils.cc(314)] [.WebGL-000007F4551E9C00] GL_INVALID_OPERATION: Two textures of different types use the same sampler location.
[1217/214004.324:ERROR:gl_utils.cc(314)] [.WebGL-000007F4551E9C00] GL_INVALID_OPERATION: Two textures of different types use the same sampler location.
[1217/214004.324:ERROR:gl_utils.cc(314)] [.WebGL-000007F4551E9C00] GL_INVALID_OPERATION: Two textures of different types use the same sampler location.
[1217/214004.324:ERROR:gl_utils.cc(314)] [.WebGL-000007F4551E9C00] GL_INVALID_OPERATION: Two textures of different types use the same sampler location.
[1217/214004.324:ERROR:gl_utils.cc(314)] [.WebGL-000007F4551E9C00] GL_INVALID_OPERATION: Two textures of different types use the same sampler location.
[1217/214559.073:WARNING:angle_platform_impl.cc(48)] HLSLCompiler.cpp:257 (compileToBinary): 
C:\fakepath(102,1-6): warning X4000: use of potentially uninitialized variable (dyn_index_vec4_float4)

[1217/214559.198:WARNING:angle_platform_impl.cc(48)] HLSLCompiler.cpp:257 (compileToBinary): 
C:\fakepath(135,1): warning X4000: use of potentially uninitialized variable (f_i)
C:\fakepath(137,1): warning X4000: use of potentially uninitialized variable (f_i)
C:\fakepath(173,1): warning X4000: use of potentially uninitialized variable (f_u)

[1217/214559.533:WARNING:angle_platform_impl.cc(48)] HLSLCompiler.cpp:257 (compileToBinary): 
C:\fakepath(165,1): warning X4000: use of potentially uninitialized variable (f_renderMipMapLevel)

[1217/214559.533:WARNING:angle_platform_impl.cc(48)] HLSLCompiler.cpp:257 (compileToBinary): 
C:\fakepath(165,1): warning X4000: use of potentially uninitialized variable (f_renderMipMapLevel)

[1217/214559.547:WARNING:angle_platform_impl.cc(48)] HLSLCompiler.cpp:257 (compileToBinary): 
C:\fakepath(165,1): warning X4000: use of potentially uninitialized variable (f_renderMipMapLevel)

[1217/214559.603:WARNING:angle_platform_impl.cc(48)] HLSLCompiler.cpp:257 (compileToBinary): 
C:\fakepath(94,23-33): warning X3595: gradient instruction used in a loop with varying iteration; partial derivatives may have undefined value
C:\fakepath(95,23-33): warning X3595: gradient instruction used in a loop with varying iteration; partial derivatives may have undefined value

[1217/214559.667:WARNING:angle_platform_impl.cc(48)] HLSLCompiler.cpp:257 (compileToBinary): 
C:\fakepath(381,10-38): warning X4008: floating point division by zero
C:\fakepath(381,10-38): warning X4008: floating point division by zero

[1217/214559.991:ERROR:gl_utils.cc(314)] [.WebGL-000007F454D6E280] GL_INVALID_OPERATION: Two textures of different types use the same sampler location.
[1217/214559.991:ERROR:gl_utils.cc(314)] [.WebGL-000007F454D6E280] GL_INVALID_OPERATION: Two textures of different types use the same sampler location.
[1217/214559.991:ERROR:gl_utils.cc(314)] [.WebGL-000007F454D6E280] GL_INVALID_OPERATION: Two textures of different types use the same sampler location.
[1217/214559.991:ERROR:gl_utils.cc(314)] [.WebGL-000007F454D6E280] GL_INVALID_OPERATION: Two textures of different types use the same sampler location.
[1217/214600.007:ERROR:gl_utils.cc(314)] [.WebGL-000007F454D6E280] GL_INVALID_OPERATION: Two textures of different types use the same sampler location.
[1217/214600.007:ERROR:gl_utils.cc(314)] [.WebGL-000007F454D6E280] GL_INVALID_OPERATION: Two textures of different types use the same sampler location.
[1217/214600.007:ERROR:gl_utils.cc(314)] [.WebGL-000007F454D6E280] GL_INVALID_OPERATION: Two textures of different types use the same sampler location.
[1217/214600.007:ERROR:gl_utils.cc(314)] [.WebGL-000007F454D6E280] GL_INVALID_OPERATION: Two textures of different types use the same sampler location.
[1217/214720.465:WARNING:angle_platform_impl.cc(48)] HLSLCompiler.cpp:257 (compileToBinary): 
C:\fakepath(102,1-6): warning X4000: use of potentially uninitialized variable (dyn_index_vec4_float4)

[1217/214720.589:WARNING:angle_platform_impl.cc(48)] HLSLCompiler.cpp:257 (compileToBinary): 
C:\fakepath(135,1): warning X4000: use of potentially uninitialized variable (f_i)
C:\fakepath(137,1): warning X4000: use of potentially uninitialized variable (f_i)
C:\fakepath(173,1): warning X4000: use of potentially uninitialized variable (f_u)

